<?xml version="1.0" encoding="UTF-8"?>
<coverage generated="1788034820386" clover="3.2.0">
  <project timestamp="1788034820386" name="All files">
    <metrics statements="452" coveredstatements="349" conditionals="54" coveredconditionals="52" methods="18" coveredmethods="16" elements="524" coveredelements="417" complexity="0" loc="452" ncloc="452" packages="7" files="8" classes="8"/>
    <package name="src">
      <metrics statements="66" coveredstatements="0" conditionals="1" coveredconditionals="0" methods="1" coveredmethods="0"/>
      <file name="App.tsx" path="C:\Users\kasti\Documents\CODE\TailgatePro\client\src\App.tsx">
        <metrics statements="66" coveredstatements="0" conditionals="1" coveredconditionals="0" methods="1" coveredmethods="0"/>
        <line num="1" count="0" type="cond" truecount="0" falsecount="1"/>
        <line num="2" count="0" type="stmt"/>
        <line num="3" count="0" type="stmt"/>
        <line num="4" count="0" type="stmt"/>
        <line num="5" count="0" type="stmt"/>
        <line num="7" count="0" type="stmt"/>
        <line num="9" count="0" type="stmt"/>
        <line num="10" count="0" type="stmt"/>
        <line num="12" count="0" type="stmt"/>
        <line num="14" count="0" type="stmt"/>
        <line num="16" count="0" type="stmt"/>
        <line num="17" count="0" type="stmt"/>
        <line num="18" count="0" type="stmt"/>
        <line num="20" count="0" type="stmt"/>
        <line num="21" count="0" type="stmt"/>
        <line num="22" count="0" type="stmt"/>
        <line num="23" count="0" type="stmt"/>
        <line num="24" count="0" type="stmt"/>
        <line num="26" count="0" type="stmt"/>
        <line num="27" count="0" type="stmt"/>
        <line num="28" count="0" type="stmt"/>
        <line num="29" count="0" type="stmt"/>
        <line num="30" count="0" type="stmt"/>
        <line num="31" count="0" type="stmt"/>
        <line num="32" count="0" type="stmt"/>
        <line num="33" count="0" type="stmt"/>
        <line num="34" count="0" type="stmt"/>
        <line num="35" count="0" type="stmt"/>
        <line num="36" count="0" type="stmt"/>
        <line num="37" count="0" type="stmt"/>
        <line num="38" count="0" type="stmt"/>
        <line num="39" count="0" type="stmt"/>
        <line num="40" count="0" type="stmt"/>
        <line num="41" count="0" type="stmt"/>
        <line num="42" count="0" type="stmt"/>
        <line num="43" count="0" type="stmt"/>
        <line num="44" count="0" type="stmt"/>
        <line num="45" count="0" type="stmt"/>
        <line num="46" count="0" type="stmt"/>
        <line num="47" count="0" type="stmt"/>
        <line num="48" count="0" type="stmt"/>
        <line num="49" count="0" type="stmt"/>
        <line num="50" count="0" type="stmt"/>
        <line num="51" count="0" type="stmt"/>
        <line num="52" count="0" type="stmt"/>
        <line num="53" count="0" type="stmt"/>
        <line num="54" count="0" type="stmt"/>
        <line num="55" count="0" type="stmt"/>
        <line num="56" count="0" type="stmt"/>
        <line num="57" count="0" type="stmt"/>
        <line num="58" count="0" type="stmt"/>
        <line num="59" count="0" type="stmt"/>
        <line num="60" count="0" type="stmt"/>
        <line num="61" count="0" type="stmt"/>
        <line num="62" count="0" type="stmt"/>
        <line num="63" count="0" type="stmt"/>
        <line num="64" count="0" type="stmt"/>
        <line num="65" count="0" type="stmt"/>
        <line num="66" count="0" type="stmt"/>
        <line num="67" count="0" type="stmt"/>
        <line num="68" count="0" type="stmt"/>
        <line num="69" count="0" type="stmt"/>
        <line num="70" count="0" type="stmt"/>
        <line num="71" count="0" type="stmt"/>
        <line num="73" count="0" type="stmt"/>
        <line num="75" count="0" type="stmt"/>
      </file>
    </package>
    <package name="src.hooks">
      <metrics statements="20" coveredstatements="20" conditionals="5" coveredconditionals="5" methods="3" coveredmethods="3"/>
      <file name="useWaitlist.ts" path="C:\Users\kasti\Documents\CODE\TailgatePro\client\src\hooks\useWaitlist.ts">
        <metrics statements="20" coveredstatements="20" conditionals="5" coveredconditionals="5" methods="3" coveredmethods="3"/>
        <line num="1" count="1" type="stmt"/>
        <line num="2" count="1" type="stmt"/>
        <line num="4" count="1" type="stmt"/>
        <line num="11" count="1" type="cond" truecount="1" falsecount="0"/>
        <line num="12" count="173" type="stmt"/>
        <line num="13" count="173" type="stmt"/>
        <line num="14" count="173" type="cond" truecount="1" falsecount="0"/>
        <line num="15" count="173" type="cond" truecount="1" falsecount="0"/>
        <line num="16" count="12" type="stmt"/>
        <line num="17" count="12" type="stmt"/>
        <line num="18" count="12" type="stmt"/>
        <line num="19" count="12" type="stmt"/>
        <line num="20" count="173" type="stmt"/>
        <line num="22" count="173" type="stmt"/>
        <line num="23" count="173" type="stmt"/>
        <line num="24" count="173" type="stmt"/>
        <line num="25" count="173" type="stmt"/>
        <line num="26" count="173" type="cond" truecount="2" falsecount="0"/>
        <line num="27" count="173" type="stmt"/>
        <line num="28" count="173" type="stmt"/>
      </file>
    </package>
    <package name="src.pages.Landing">
      <metrics statements="260" coveredstatements="260" conditionals="17" coveredconditionals="17" methods="3" coveredmethods="3"/>
      <file name="Landing.tsx" path="C:\Users\kasti\Documents\CODE\TailgatePro\client\src\pages\Landing\Landing.tsx">
        <metrics statements="136" coveredstatements="136" conditionals="3" coveredconditionals="3" methods="1" coveredmethods="1"/>
        <line num="1" count="1" type="stmt"/>
        <line num="13" count="1" type="stmt"/>
        <line num="14" count="1" type="stmt"/>
        <line num="48" count="1" type="stmt"/>
        <line num="49" count="1" type="stmt"/>
        <line num="50" count="1" type="stmt"/>
        <line num="51" count="1" type="stmt"/>
        <line num="52" count="1" type="stmt"/>
        <line num="53" count="1" type="stmt"/>
        <line num="54" count="1" type="stmt"/>
        <line num="55" count="1" type="stmt"/>
        <line num="56" count="1" type="stmt"/>
        <line num="57" count="1" type="stmt"/>
        <line num="58" count="1" type="stmt"/>
        <line num="59" count="1" type="stmt"/>
        <line num="60" count="1" type="stmt"/>
        <line num="61" count="1" type="stmt"/>
        <line num="62" count="1" type="stmt"/>
        <line num="63" count="1" type="stmt"/>
        <line num="64" count="1" type="stmt"/>
        <line num="65" count="1" type="stmt"/>
        <line num="66" count="1" type="stmt"/>
        <line num="67" count="1" type="stmt"/>
        <line num="68" count="1" type="stmt"/>
        <line num="69" count="1" type="stmt"/>
        <line num="71" count="1" type="stmt"/>
        <line num="72" count="1" type="stmt"/>
        <line num="73" count="1" type="stmt"/>
        <line num="74" count="1" type="stmt"/>
        <line num="75" count="1" type="stmt"/>
        <line num="76" count="1" type="stmt"/>
        <line num="77" count="1" type="stmt"/>
        <line num="78" count="1" type="stmt"/>
        <line num="79" count="1" type="stmt"/>
        <line num="80" count="1" type="stmt"/>
        <line num="81" count="1" type="stmt"/>
        <line num="82" count="1" type="stmt"/>
        <line num="83" count="1" type="stmt"/>
        <line num="84" count="1" type="stmt"/>
        <line num="85" count="1" type="stmt"/>
        <line num="86" count="1" type="stmt"/>
        <line num="87" count="1" type="stmt"/>
        <line num="88" count="1" type="stmt"/>
        <line num="89" count="1" type="stmt"/>
        <line num="90" count="1" type="stmt"/>
        <line num="91" count="1" type="stmt"/>
        <line num="92" count="1" type="stmt"/>
        <line num="94" count="1" type="cond" truecount="1" falsecount="0"/>
        <line num="95" count="19" type="stmt"/>
        <line num="97" count="19" type="stmt"/>
        <line num="98" count="19" type="stmt"/>
        <line num="99" count="19" type="stmt"/>
        <line num="100" count="19" type="stmt"/>
        <line num="101" count="19" type="stmt"/>
        <line num="102" count="19" type="stmt"/>
        <line num="103" count="19" type="stmt"/>
        <line num="104" count="19" type="stmt"/>
        <line num="105" count="19" type="stmt"/>
        <line num="106" count="19" type="stmt"/>
        <line num="107" count="19" type="stmt"/>
        <line num="108" count="19" type="stmt"/>
        <line num="109" count="19" type="stmt"/>
        <line num="110" count="19" type="stmt"/>
        <line num="111" count="19" type="stmt"/>
        <line num="112" count="19" type="stmt"/>
        <line num="113" count="19" type="stmt"/>
        <line num="118" count="19" type="stmt"/>
        <line num="119" count="19" type="stmt"/>
        <line num="120" count="19" type="stmt"/>
        <line num="121" count="19" type="stmt"/>
        <line num="123" count="19" type="stmt"/>
        <line num="124" count="19" type="stmt"/>
        <line num="125" count="19" type="stmt"/>
        <line num="126" count="19" type="stmt"/>
        <line num="127" count="19" type="stmt"/>
        <line num="129" count="19" type="stmt"/>
        <line num="130" count="19" type="stmt"/>
        <line num="131" count="19" type="stmt"/>
        <line num="132" count="19" type="stmt"/>
        <line num="134" count="19" type="stmt"/>
        <line num="135" count="19" type="stmt"/>
        <line num="137" count="19" type="stmt"/>
        <line num="138" count="19" type="stmt"/>
        <line num="139" count="19" type="stmt"/>
        <line num="140" count="19" type="cond" truecount="1" falsecount="0"/>
        <line num="141" count="76" type="stmt"/>
        <line num="142" count="76" type="stmt"/>
        <line num="143" count="76" type="stmt"/>
        <line num="144" count="76" type="stmt"/>
        <line num="145" count="76" type="stmt"/>
        <line num="146" count="76" type="stmt"/>
        <line num="147" count="76" type="stmt"/>
        <line num="148" count="19" type="stmt"/>
        <line num="149" count="19" type="stmt"/>
        <line num="150" count="19" type="stmt"/>
        <line num="151" count="19" type="stmt"/>
        <line num="153" count="19" type="stmt"/>
        <line num="154" count="19" type="stmt"/>
        <line num="155" count="19" type="stmt"/>
        <line num="156" count="19" type="stmt"/>
        <line num="158" count="19" type="stmt"/>
        <line num="159" count="19" type="stmt"/>
        <line num="162" count="19" type="stmt"/>
        <line num="163" count="19" type="stmt"/>
        <line num="164" count="19" type="stmt"/>
        <line num="165" count="19" type="cond" truecount="1" falsecount="0"/>
        <line num="166" count="76" type="stmt"/>
        <line num="167" count="76" type="stmt"/>
        <line num="168" count="76" type="stmt"/>
        <line num="169" count="76" type="stmt"/>
        <line num="170" count="76" type="stmt"/>
        <line num="171" count="76" type="stmt"/>
        <line num="172" count="76" type="stmt"/>
        <line num="173" count="19" type="stmt"/>
        <line num="174" count="19" type="stmt"/>
        <line num="175" count="19" type="stmt"/>
        <line num="176" count="19" type="stmt"/>
        <line num="178" count="19" type="stmt"/>
        <line num="179" count="19" type="stmt"/>
        <line num="180" count="19" type="stmt"/>
        <line num="182" count="19" type="stmt"/>
        <line num="183" count="19" type="stmt"/>
        <line num="186" count="19" type="stmt"/>
        <line num="187" count="19" type="stmt"/>
        <line num="188" count="19" type="stmt"/>
        <line num="189" count="19" type="stmt"/>
        <line num="191" count="19" type="stmt"/>
        <line num="192" count="19" type="stmt"/>
        <line num="193" count="19" type="stmt"/>
        <line num="194" count="19" type="stmt"/>
        <line num="195" count="19" type="stmt"/>
        <line num="196" count="19" type="stmt"/>
        <line num="197" count="19" type="stmt"/>
        <line num="198" count="19" type="stmt"/>
        <line num="199" count="19" type="stmt"/>
        <line num="201" count="19" type="stmt"/>
      </file>
      <file name="WaitlistForm.tsx" path="C:\Users\kasti\Documents\CODE\TailgatePro\client\src\pages\Landing\WaitlistForm.tsx">
        <metrics statements="124" coveredstatements="124" conditionals="14" coveredconditionals="14" methods="2" coveredmethods="2"/>
        <line num="1" count="1" type="stmt"/>
        <line num="2" count="1" type="stmt"/>
        <line num="3" count="1" type="stmt"/>
        <line num="4" count="1" type="stmt"/>
        <line num="6" count="1" type="stmt"/>
        <line num="7" count="1" type="stmt"/>
        <line num="8" count="1" type="stmt"/>
        <line num="18" count="1" type="stmt"/>
        <line num="19" count="1" type="stmt"/>
        <line num="20" count="1" type="stmt"/>
        <line num="21" count="1" type="stmt"/>
        <line num="22" count="1" type="stmt"/>
        <line num="23" count="1" type="stmt"/>
        <line num="24" count="1" type="stmt"/>
        <line num="25" count="1" type="stmt"/>
        <line num="26" count="1" type="stmt"/>
        <line num="27" count="1" type="stmt"/>
        <line num="28" count="1" type="stmt"/>
        <line num="29" count="1" type="stmt"/>
        <line num="40" count="1" type="cond" truecount="1" falsecount="0"/>
        <line num="41" count="156" type="stmt"/>
        <line num="42" count="156" type="stmt"/>
        <line num="43" count="156" type="stmt"/>
        <line num="44" count="156" type="stmt"/>
        <line num="45" count="156" type="stmt"/>
        <line num="47" count="156" type="stmt"/>
        <line num="48" count="156" type="stmt"/>
        <line num="49" count="156" type="stmt"/>
        <line num="50" count="156" type="stmt"/>
        <line num="51" count="156" type="stmt"/>
        <line num="52" count="156" type="stmt"/>
        <line num="53" count="156" type="stmt"/>
        <line num="54" count="156" type="stmt"/>
        <line num="56" count="156" type="cond" truecount="1" falsecount="0"/>
        <line num="57" count="6" type="stmt"/>
        <line num="58" count="6" type="stmt"/>
        <line num="60" count="156" type="cond" truecount="2" falsecount="0"/>
        <line num="61" count="12" type="stmt"/>
        <line num="62" count="12" type="stmt"/>
        <line num="63" count="12" type="stmt"/>
        <line num="64" count="12" type="stmt"/>
        <line num="65" count="12" type="stmt"/>
        <line num="66" count="12" type="stmt"/>
        <line num="67" count="12" type="stmt"/>
        <line num="68" count="12" type="stmt"/>
        <line num="70" count="12" type="cond" truecount="1" falsecount="0"/>
        <line num="72" count="144" type="stmt"/>
        <line num="73" count="144" type="stmt"/>
        <line num="74" count="144" type="stmt"/>
        <line num="76" count="144" type="stmt"/>
        <line num="77" count="144" type="stmt"/>
        <line num="78" count="144" type="stmt"/>
        <line num="79" count="144" type="stmt"/>
        <line num="80" count="144" type="stmt"/>
        <line num="82" count="144" type="stmt"/>
        <line num="83" count="144" type="stmt"/>
        <line num="84" count="144" type="stmt"/>
        <line num="85" count="144" type="stmt"/>
        <line num="86" count="144" type="stmt"/>
        <line num="87" count="144" type="stmt"/>
        <line num="88" count="144" type="stmt"/>
        <line num="89" count="156" type="cond" truecount="2" falsecount="0"/>
        <line num="90" count="156" type="stmt"/>
        <line num="91" count="156" type="stmt"/>
        <line num="92" count="156" type="cond" truecount="1" falsecount="0"/>
        <line num="93" count="6" type="stmt"/>
        <line num="94" count="6" type="stmt"/>
        <line num="95" count="6" type="stmt"/>
        <line num="96" count="6" type="stmt"/>
        <line num="98" count="6" type="stmt"/>
        <line num="99" count="6" type="stmt"/>
        <line num="101" count="156" type="stmt"/>
        <line num="103" count="156" type="stmt"/>
        <line num="104" count="156" type="stmt"/>
        <line num="106" count="156" type="stmt"/>
        <line num="107" count="156" type="stmt"/>
        <line num="108" count="156" type="stmt"/>
        <line num="109" count="156" type="stmt"/>
        <line num="110" count="156" type="stmt"/>
        <line num="111" count="156" type="stmt"/>
        <line num="112" count="156" type="stmt"/>
        <line num="113" count="156" type="cond" truecount="2" falsecount="0"/>
        <line num="114" count="156" type="stmt"/>
        <line num="115" count="156" type="stmt"/>
        <line num="116" count="156" type="cond" truecount="1" falsecount="0"/>
        <line num="117" count="4" type="stmt"/>
        <line num="118" count="4" type="stmt"/>
        <line num="119" count="4" type="stmt"/>
        <line num="120" count="4" type="stmt"/>
        <line num="122" count="4" type="stmt"/>
        <line num="123" count="4" type="stmt"/>
        <line num="125" count="156" type="stmt"/>
        <line num="126" count="156" type="stmt"/>
        <line num="128" count="156" type="stmt"/>
        <line num="129" count="156" type="stmt"/>
        <line num="130" count="156" type="stmt"/>
        <line num="131" count="156" type="stmt"/>
        <line num="132" count="156" type="stmt"/>
        <line num="133" count="156" type="stmt"/>
        <line num="134" count="156" type="stmt"/>
        <line num="135" count="156" type="stmt"/>
        <line num="136" count="156" type="stmt"/>
        <line num="137" count="156" type="stmt"/>
        <line num="138" count="156" type="cond" truecount="2" falsecount="0"/>
        <line num="139" count="156" type="stmt"/>
        <line num="140" count="156" type="stmt"/>
        <line num="141" count="156" type="cond" truecount="1" falsecount="0"/>
        <line num="142" count="3" type="stmt"/>
        <line num="143" count="3" type="stmt"/>
        <line num="144" count="3" type="stmt"/>
        <line num="145" count="3" type="stmt"/>
        <line num="147" count="3" type="stmt"/>
        <line num="148" count="3" type="stmt"/>
        <line num="150" count="156" type="stmt"/>
        <line num="152" count="156" type="stmt"/>
        <line num="153" count="156" type="stmt"/>
        <line num="154" count="156" type="stmt"/>
        <line num="155" count="156" type="stmt"/>
        <line num="156" count="156" type="stmt"/>
        <line num="157" count="156" type="stmt"/>
        <line num="158" count="156" type="stmt"/>
        <line num="160" count="156" type="stmt"/>
        <line num="161" count="156" type="stmt"/>
        <line num="163" count="156" type="stmt"/>
      </file>
    </package>
    <package name="src.services">
      <metrics statements="14" coveredstatements="14" conditionals="8" coveredconditionals="8" methods="1" coveredmethods="1"/>
      <file name="apiWaitlist.ts" path="C:\Users\kasti\Documents\CODE\TailgatePro\client\src\services\apiWaitlist.ts">
        <metrics statements="14" coveredstatements="14" conditionals="8" coveredconditionals="8" methods="1" coveredmethods="1"/>
        <line num="13" count="1" type="cond" truecount="1" falsecount="0"/>
        <line num="14" count="7" type="stmt"/>
        <line num="15" count="7" type="stmt"/>
        <line num="16" count="7" type="stmt"/>
        <line num="17" count="7" type="stmt"/>
        <line num="18" count="7" type="stmt"/>
        <line num="19" count="7" type="stmt"/>
        <line num="20" count="7" type="stmt"/>
        <line num="22" count="7" type="cond" truecount="1" falsecount="0"/>
        <line num="24" count="7" type="cond" truecount="3" falsecount="0"/>
        <line num="25" count="5" type="cond" truecount="2" falsecount="0"/>
        <line num="26" count="5" type="cond" truecount="1" falsecount="0"/>
        <line num="28" count="2" type="stmt"/>
        <line num="29" count="2" type="stmt"/>
      </file>
    </package>
    <package name="src.ui_comps.button">
      <metrics statements="32" coveredstatements="32" conditionals="7" coveredconditionals="7" methods="1" coveredmethods="1"/>
      <file name="Button.tsx" path="C:\Users\kasti\Documents\CODE\TailgatePro\client\src\ui_comps\button\Button.tsx">
        <metrics statements="32" coveredstatements="32" conditionals="7" coveredconditionals="7" methods="1" coveredmethods="1"/>
        <line num="1" count="1" type="stmt"/>
        <line num="3" count="1" type="stmt"/>
        <line num="17" count="1" type="cond" truecount="1" falsecount="0"/>
        <line num="18" count="148" type="stmt"/>
        <line num="19" count="148" type="stmt"/>
        <line num="20" count="148" type="stmt"/>
        <line num="21" count="148" type="stmt"/>
        <line num="22" count="148" type="stmt"/>
        <line num="23" count="148" type="stmt"/>
        <line num="24" count="148" type="stmt"/>
        <line num="25" count="148" type="stmt"/>
        <line num="26" count="148" type="stmt"/>
        <line num="27" count="148" type="stmt"/>
        <line num="28" count="148" type="stmt"/>
        <line num="29" count="148" type="stmt"/>
        <line num="30" count="148" type="stmt"/>
        <line num="31" count="148" type="stmt"/>
        <line num="32" count="148" type="stmt"/>
        <line num="33" count="148" type="stmt"/>
        <line num="34" count="148" type="stmt"/>
        <line num="35" count="148" type="stmt"/>
        <line num="36" count="148" type="stmt"/>
        <line num="37" count="148" type="cond" truecount="1" falsecount="0"/>
        <line num="38" count="148" type="stmt"/>
        <line num="40" count="148" type="cond" truecount="1" falsecount="0"/>
        <line num="41" count="1" type="stmt"/>
        <line num="42" count="1" type="stmt"/>
        <line num="43" count="1" type="stmt"/>
        <line num="45" count="148" type="cond" truecount="2" falsecount="0"/>
        <line num="46" count="148" type="stmt"/>
        <line num="47" count="148" type="cond" truecount="2" falsecount="0"/>
        <line num="48" count="148" type="stmt"/>
      </file>
    </package>
    <package name="src.ui_comps.form">
      <metrics statements="23" coveredstatements="23" conditionals="15" coveredconditionals="15" methods="8" coveredmethods="8"/>
      <file name="Input.tsx" path="C:\Users\kasti\Documents\CODE\TailgatePro\client\src\ui_comps\form\Input.tsx">
        <metrics statements="23" coveredstatements="23" conditionals="15" coveredconditionals="15" methods="8" coveredmethods="8"/>
        <line num="1" count="1" type="stmt"/>
        <line num="2" count="1" type="stmt"/>
        <line num="9" count="1" type="stmt"/>
        <line num="13" count="1" type="cond" truecount="1" falsecount="0"/>
        <line num="14" count="1" type="cond" truecount="2" falsecount="0"/>
        <line num="15" count="1" type="cond" truecount="1" falsecount="0"/>
        <line num="16" count="1" type="cond" truecount="1" falsecount="0"/>
        <line num="17" count="1" type="cond" truecount="1" falsecount="0"/>
        <line num="25" count="1" type="cond" truecount="1" falsecount="0"/>
        <line num="30" count="1" type="cond" truecount="1" falsecount="0"/>
        <line num="31" count="1" type="cond" truecount="2" falsecount="0"/>
        <line num="33" count="1" type="cond" truecount="1" falsecount="0"/>
        <line num="34" count="1" type="cond" truecount="2" falsecount="0"/>
        <line num="40" count="1" type="cond" truecount="1" falsecount="0"/>
        <line num="44" count="1" type="cond" truecount="1" falsecount="0"/>
        <line num="45" count="432" type="stmt"/>
        <line num="46" count="432" type="stmt"/>
        <line num="47" count="432" type="stmt"/>
        <line num="48" count="432" type="stmt"/>
        <line num="49" count="432" type="stmt"/>
        <line num="50" count="432" type="stmt"/>
        <line num="51" count="432" type="stmt"/>
        <line num="53" count="432" type="stmt"/>
      </file>
    </package>
    <package name="src.ui_comps.navbar">
      <metrics statements="37" coveredstatements="0" conditionals="1" coveredconditionals="0" methods="1" coveredmethods="0"/>
      <file name="Navbar.tsx" path="C:\Users\kasti\Documents\CODE\TailgatePro\client\src\ui_comps\navbar\Navbar.tsx">
        <metrics statements="37" coveredstatements="0" conditionals="1" coveredconditionals="0" methods="1" coveredmethods="0"/>
        <line num="1" count="0" type="cond" truecount="0" falsecount="1"/>
        <line num="2" count="0" type="stmt"/>
        <line num="11" count="0" type="stmt"/>
        <line num="13" count="0" type="stmt"/>
        <line num="14" count="0" type="stmt"/>
        <line num="16" count="0" type="stmt"/>
        <line num="17" count="0" type="stmt"/>
        <line num="18" count="0" type="stmt"/>
        <line num="19" count="0" type="stmt"/>
        <line num="20" count="0" type="stmt"/>
        <line num="21" count="0" type="stmt"/>
        <line num="22" count="0" type="stmt"/>
        <line num="23" count="0" type="stmt"/>
        <line num="25" count="0" type="stmt"/>
        <line num="26" count="0" type="stmt"/>
        <line num="27" count="0" type="stmt"/>
        <line num="28" count="0" type="stmt"/>
        <line num="29" count="0" type="stmt"/>
        <line num="30" count="0" type="stmt"/>
        <line num="31" count="0" type="stmt"/>
        <line num="33" count="0" type="stmt"/>
        <line num="34" count="0" type="stmt"/>
        <line num="35" count="0" type="stmt"/>
        <line num="36" count="0" type="stmt"/>
        <line num="37" count="0" type="stmt"/>
        <line num="38" count="0" type="stmt"/>
        <line num="40" count="0" type="stmt"/>
        <line num="41" count="0" type="stmt"/>
        <line num="42" count="0" type="stmt"/>
        <line num="43" count="0" type="stmt"/>
        <line num="44" count="0" type="stmt"/>
        <line num="46" count="0" type="stmt"/>
        <line num="47" count="0" type="stmt"/>
        <line num="48" count="0" type="stmt"/>
        <line num="49" count="0" type="stmt"/>
        <line num="51" count="0" type="stmt"/>
        <line num="53" count="0" type="stmt"/>
      </file>
    </package>
  </project>
</coverage>
