TN:
SF:src\App.tsx
FN:1,(empty-report)
FNF:1
FNH:0
FNDA:0,(empty-report)
DA:1,0
DA:2,0
DA:3,0
DA:4,0
DA:5,0
DA:7,0
DA:9,0
DA:10,0
DA:12,0
DA:14,0
DA:16,0
DA:17,0
DA:18,0
DA:20,0
DA:21,0
DA:22,0
DA:23,0
DA:24,0
DA:26,0
DA:27,0
DA:28,0
DA:29,0
DA:30,0
DA:31,0
DA:32,0
DA:33,0
DA:34,0
DA:35,0
DA:36,0
DA:37,0
DA:38,0
DA:39,0
DA:40,0
DA:41,0
DA:42,0
DA:43,0
DA:44,0
DA:45,0
DA:46,0
DA:47,0
DA:48,0
DA:49,0
DA:50,0
DA:51,0
DA:52,0
DA:53,0
DA:54,0
DA:55,0
DA:56,0
DA:57,0
DA:58,0
DA:59,0
DA:60,0
DA:61,0
DA:62,0
DA:63,0
DA:64,0
DA:65,0
DA:66,0
DA:67,0
DA:68,0
DA:69,0
DA:70,0
DA:71,0
DA:73,0
DA:75,0
LF:66
LH:0
BRDA:1,0,0,0
BRF:1
BRH:0
end_of_record
TN:
SF:src\hooks\useWaitlist.ts
FN:11,useWaitlist
FN:14,onError
FN:15,onSuccess
FNF:3
FNH:3
FNDA:173,useWaitlist
FNDA:2,onError
FNDA:12,onSuccess
DA:1,1
DA:2,1
DA:4,1
DA:11,1
DA:12,173
DA:13,173
DA:14,173
DA:15,173
DA:16,12
DA:17,12
DA:18,12
DA:19,12
DA:20,173
DA:22,173
DA:23,173
DA:24,173
DA:25,173
DA:26,173
DA:27,173
DA:28,173
LF:20
LH:20
BRDA:11,0,0,173
BRDA:26,1,0,18
BRDA:26,2,0,156
BRDA:14,3,0,2
BRDA:15,4,0,12
BRF:5
BRH:5
end_of_record
TN:
SF:src\pages\Landing\Landing.tsx
FN:94,Landing
FNF:1
FNH:1
FNDA:19,Landing
DA:1,1
DA:13,1
DA:14,1
DA:48,1
DA:49,1
DA:50,1
DA:51,1
DA:52,1
DA:53,1
DA:54,1
DA:55,1
DA:56,1
DA:57,1
DA:58,1
DA:59,1
DA:60,1
DA:61,1
DA:62,1
DA:63,1
DA:64,1
DA:65,1
DA:66,1
DA:67,1
DA:68,1
DA:69,1
DA:71,1
DA:72,1
DA:73,1
DA:74,1
DA:75,1
DA:76,1
DA:77,1
DA:78,1
DA:79,1
DA:80,1
DA:81,1
DA:82,1
DA:83,1
DA:84,1
DA:85,1
DA:86,1
DA:87,1
DA:88,1
DA:89,1
DA:90,1
DA:91,1
DA:92,1
DA:94,1
DA:95,19
DA:97,19
DA:98,19
DA:99,19
DA:100,19
DA:101,19
DA:102,19
DA:103,19
DA:104,19
DA:105,19
DA:106,19
DA:107,19
DA:108,19
DA:109,19
DA:110,19
DA:111,19
DA:112,19
DA:113,19
DA:118,19
DA:119,19
DA:120,19
DA:121,19
DA:123,19
DA:124,19
DA:125,19
DA:126,19
DA:127,19
DA:129,19
DA:130,19
DA:131,19
DA:132,19
DA:134,19
DA:135,19
DA:137,19
DA:138,19
DA:139,19
DA:140,19
DA:141,76
DA:142,76
DA:143,76
DA:144,76
DA:145,76
DA:146,76
DA:147,76
DA:148,19
DA:149,19
DA:150,19
DA:151,19
DA:153,19
DA:154,19
DA:155,19
DA:156,19
DA:158,19
DA:159,19
DA:162,19
DA:163,19
DA:164,19
DA:165,19
DA:166,76
DA:167,76
DA:168,76
DA:169,76
DA:170,76
DA:171,76
DA:172,76
DA:173,19
DA:174,19
DA:175,19
DA:176,19
DA:178,19
DA:179,19
DA:180,19
DA:182,19
DA:183,19
DA:186,19
DA:187,19
DA:188,19
DA:189,19
DA:191,19
DA:192,19
DA:193,19
DA:194,19
DA:195,19
DA:196,19
DA:197,19
DA:198,19
DA:199,19
DA:201,19
LF:136
LH:136
BRDA:94,0,0,19
BRDA:140,1,0,76
BRDA:165,2,0,76
BRF:3
BRH:3
end_of_record
TN:
SF:src\pages\Landing\WaitlistForm.tsx
FN:40,WaitlistForm
FN:56,onSubmit
FNF:2
FNH:2
FNDA:156,WaitlistForm
FNDA:6,onSubmit
DA:1,1
DA:2,1
DA:3,1
DA:4,1
DA:6,1
DA:7,1
DA:8,1
DA:18,1
DA:19,1
DA:20,1
DA:21,1
DA:22,1
DA:23,1
DA:24,1
DA:25,1
DA:26,1
DA:27,1
DA:28,1
DA:29,1
DA:40,1
DA:41,156
DA:42,156
DA:43,156
DA:44,156
DA:45,156
DA:47,156
DA:48,156
DA:49,156
DA:50,156
DA:51,156
DA:52,156
DA:53,156
DA:54,156
DA:56,156
DA:57,6
DA:58,6
DA:60,156
DA:61,12
DA:62,12
DA:63,12
DA:64,12
DA:65,12
DA:66,12
DA:67,12
DA:68,12
DA:70,12
DA:72,144
DA:73,144
DA:74,144
DA:76,144
DA:77,144
DA:78,144
DA:79,144
DA:80,144
DA:82,144
DA:83,144
DA:84,144
DA:85,144
DA:86,144
DA:87,144
DA:88,144
DA:89,156
DA:90,156
DA:91,156
DA:92,156
DA:93,6
DA:94,6
DA:95,6
DA:96,6
DA:98,6
DA:99,6
DA:101,156
DA:103,156
DA:104,156
DA:106,156
DA:107,156
DA:108,156
DA:109,156
DA:110,156
DA:111,156
DA:112,156
DA:113,156
DA:114,156
DA:115,156
DA:116,156
DA:117,4
DA:118,4
DA:119,4
DA:120,4
DA:122,4
DA:123,4
DA:125,156
DA:126,156
DA:128,156
DA:129,156
DA:130,156
DA:131,156
DA:132,156
DA:133,156
DA:134,156
DA:135,156
DA:136,156
DA:137,156
DA:138,156
DA:139,156
DA:140,156
DA:141,156
DA:142,3
DA:143,3
DA:144,3
DA:145,3
DA:147,3
DA:148,3
DA:150,156
DA:152,156
DA:153,156
DA:154,156
DA:155,156
DA:156,156
DA:157,156
DA:158,156
DA:160,156
DA:161,156
DA:163,156
LF:124
LH:124
BRDA:40,0,0,156
BRDA:60,1,0,12
BRDA:60,2,0,12
BRDA:70,3,0,144
BRDA:89,4,0,6
BRDA:89,5,0,138
BRDA:92,6,0,6
BRDA:113,7,0,4
BRDA:113,8,0,140
BRDA:116,9,0,4
BRDA:138,10,0,3
BRDA:138,11,0,141
BRDA:141,12,0,3
BRDA:56,13,0,6
BRF:14
BRH:14
end_of_record
TN:
SF:src\services\apiWaitlist.ts
FN:13,addToWaitlist
FNF:1
FNH:1
FNDA:7,addToWaitlist
DA:13,1
DA:14,7
DA:15,7
DA:16,7
DA:17,7
DA:18,7
DA:19,7
DA:20,7
DA:22,7
DA:24,7
DA:25,5
DA:26,5
DA:28,2
DA:29,2
LF:14
LH:14
BRDA:13,0,0,7
BRDA:24,1,0,5
BRDA:24,2,0,3
BRDA:24,3,0,5
BRDA:25,4,0,3
BRDA:25,5,0,4
BRDA:26,6,0,2
BRDA:22,7,0,1
BRF:8
BRH:8
end_of_record
TN:
SF:src\ui_comps\button\Button.tsx
FN:17,Button
FNF:1
FNH:1
FNDA:148,Button
DA:1,1
DA:3,1
DA:17,1
DA:18,148
DA:19,148
DA:20,148
DA:21,148
DA:22,148
DA:23,148
DA:24,148
DA:25,148
DA:26,148
DA:27,148
DA:28,148
DA:29,148
DA:30,148
DA:31,148
DA:32,148
DA:33,148
DA:34,148
DA:35,148
DA:36,148
DA:37,148
DA:38,148
DA:40,148
DA:41,1
DA:42,1
DA:43,1
DA:45,148
DA:46,148
DA:47,148
DA:48,148
LF:32
LH:32
BRDA:17,0,0,148
BRDA:37,1,0,147
BRDA:40,2,0,1
BRDA:45,3,0,147
BRDA:45,4,0,1
BRDA:47,5,0,147
BRDA:47,6,0,1
BRF:7
BRH:7
end_of_record
TN:
SF:src\ui_comps\form\Input.tsx
FN:13,__vite_ssr_import_2__.default.input.theme.theme
FN:15,__vite_ssr_import_2__.default.input.theme.theme
FN:16,__vite_ssr_import_2__.default.input.theme.theme
FN:17,__vite_ssr_import_2__.default.input.theme.theme
FN:25,__vite_ssr_import_2__.default.input.theme.theme
FN:30,__vite_ssr_import_2__.default.input.$hasError.$hasError
FN:33,__vite_ssr_import_2__.default.input.theme.theme
FN:44,Input
FNF:8
FNH:8
FNDA:432,__vite_ssr_import_2__.default.input.theme.theme
FNDA:432,__vite_ssr_import_2__.default.input.theme.theme
FNDA:432,__vite_ssr_import_2__.default.input.theme.theme
FNDA:432,__vite_ssr_import_2__.default.input.theme.theme
FNDA:432,__vite_ssr_import_2__.default.input.theme.theme
FNDA:432,__vite_ssr_import_2__.default.input.$hasError.$hasError
FNDA:432,__vite_ssr_import_2__.default.input.theme.theme
FNDA:432,Input
DA:1,1
DA:2,1
DA:9,1
DA:13,1
DA:14,1
DA:15,1
DA:16,1
DA:17,1
DA:25,1
DA:30,1
DA:31,1
DA:33,1
DA:34,1
DA:40,1
DA:44,1
DA:45,432
DA:46,432
DA:47,432
DA:48,432
DA:49,432
DA:50,432
DA:51,432
DA:53,432
LF:23
LH:23
BRDA:13,0,0,432
BRDA:14,1,0,13
BRDA:14,2,0,419
BRDA:15,3,0,432
BRDA:16,4,0,432
BRDA:17,5,0,432
BRDA:25,6,0,432
BRDA:30,7,0,432
BRDA:31,8,0,13
BRDA:31,9,0,419
BRDA:33,10,0,432
BRDA:34,11,0,13
BRDA:34,12,0,419
BRDA:40,13,0,432
BRDA:44,14,0,432
BRF:15
BRH:15
end_of_record
TN:
SF:src\ui_comps\navbar\Navbar.tsx
FN:1,(empty-report)
FNF:1
FNH:0
FNDA:0,(empty-report)
DA:1,0
DA:2,0
DA:11,0
DA:13,0
DA:14,0
DA:16,0
DA:17,0
DA:18,0
DA:19,0
DA:20,0
DA:21,0
DA:22,0
DA:23,0
DA:25,0
DA:26,0
DA:27,0
DA:28,0
DA:29,0
DA:30,0
DA:31,0
DA:33,0
DA:34,0
DA:35,0
DA:36,0
DA:37,0
DA:38,0
DA:40,0
DA:41,0
DA:42,0
DA:43,0
DA:44,0
DA:46,0
DA:47,0
DA:48,0
DA:49,0
DA:51,0
DA:53,0
LF:37
LH:0
BRDA:1,0,0,0
BRF:1
BRH:0
end_of_record
